20201108_21:04:57 69.2
20201108_21:21:43 63.4
20201108_21:38:39 61.0
20201108_21:55:27 63.8
20201108_22:12:15 69.3
20201108_22:29:05 65.7
20201108_22:36:11 87.2
20201108_22:36:49 37.3
20201108_22:45:51 66.4
20201108_23:01:44 73.6
20201108_23:18:31 74.2
20201108_23:35:16 64.7
20201108_23:52:02 70.7
20201109_00:08:47 65.9
20201109_00:25:31 63.5
20201109_00:42:15 64.1
20201109_00:58:59 62.0
20201109_01:15:44 64.8
20201109_01:32:30 63.7
20201109_02:43:58 65.2
20201109_03:00:47 64.8
20201109_03:17:32 63.5
20201109_03:34:13 64.5
20201109_03:50:57 64.1
20201109_04:07:39 67.1
20201109_04:24:21 66.7
20201109_04:41:03 69.2
20201109_04:57:45 67.3
20201109_05:14:31 67.2
20201109_05:31:13 65.9
20201109_05:47:57 67.5
20201109_06:04:40 63.9
20201109_06:21:24 68.7
20201109_06:38:07 65.6
20201109_06:54:52 66.4
20201109_07:11:39 67.4
20201109_07:28:25 63.4
20201109_07:45:06 67.7
20201109_08:01:52 64.8
20201109_08:18:37 68.8
20201109_08:35:26 66.4
20201109_08:52:14 64.3
20201109_09:09:13 77.3
20201109_09:26:04 62.8
20201109_09:43:03 64.4
20201109_10:00:00 64.0
20201109_10:16:53 67.0
20201109_10:33:43 64.7
20201109_10:50:33 61.9
20201109_11:07:43 65.0
20201109_11:24:47 68.3
20201109_11:42:00 62.7
20201109_11:59:07 69.3
20201109_12:16:21 63.9
20201109_12:33:24 66.7
20201109_12:50:31 66.2
20201109_13:07:45 66.5
20201109_13:25:26 61.6
20201109_13:42:51 87.1
20201109_14:00:08 63.7
20201109_14:17:49 62.4
20201109_14:35:12 68.5
20201109_14:52:54 64.9