20201107_15:06:13 25.1
20201107_15:09:19 24.9
20201107_15:26:28 24.6
20201107_15:43:36 24.2
20201107_16:00:45 24.8
20201107_16:17:55 24.3
20201107_16:35:07 23.9
20201107_16:52:35 23.6
20201107_17:09:42 26.6
20201107_17:26:55 25.2
20201107_17:44:05 25.0
20201107_18:01:24 24.7
20201107_18:18:34 25.7
20201107_18:35:37 24.6
20201107_18:52:41 24.6
20201107_19:09:43 24.3
20201107_19:26:44 25.0
20201107_19:44:04 23.8
20201107_20:01:17 24.8
20201107_20:18:28 25.8
20201107_20:35:36 25.9
20201107_20:52:45 27.3
20201107_21:09:51 27.9
20201107_21:26:49 25.8
20201107_21:43:46 24.7
20201107_22:00:46 25.1
20201107_22:17:45 24.3
20201107_22:34:45 23.6
20201107_22:51:46 23.4
20201107_23:08:49 23.7
20201107_23:25:51 23.2
20201107_23:42:53 23.9
20201107_23:59:54 24.5
20201108_00:16:54 23.1
20201108_00:33:54 22.7
20201108_00:50:54 23.5
20201108_01:07:54 22.5
20201108_01:24:52 23.2
20201108_01:41:51 22.5
20201108_01:58:50 23.4
20201108_02:15:50 23.8
20201108_02:32:52 22.5
20201108_02:49:50 22.6
20201108_03:06:52 22.6
20201108_03:23:56 22.4
20201108_03:40:58 22.0
20201108_03:57:57 22.5
20201108_04:15:00 22.2
20201108_04:32:01 21.4
20201108_04:49:02 22.0
20201108_05:06:03 22.0
20201108_05:23:05 22.0
20201108_05:40:09 21.5
20201108_05:57:09 20.9
20201108_06:14:11 21.7
20201108_06:31:14 21.4
20201108_06:48:15 21.5
20201108_07:05:17 21.1
20201108_07:22:18 21.9
20201108_07:39:22 21.6
20201108_07:56:31 21.3
20201108_08:13:37 22.5
20201108_08:30:40 21.0
20201108_08:47:42 21.9
20201108_09:04:46 22.3
20201108_09:21:50 22.2
20201108_09:38:56 22.5
20201108_09:56:02 22.0
20201108_10:13:07 22.1
20201108_10:30:13 22.4
20201108_10:47:21 21.8
20201108_11:04:42 22.0
20201108_11:21:46 21.6
20201108_11:38:58 21.3
20201108_11:56:07 22.1
20201108_12:13:20 20.9
20201108_12:30:34 21.1
20201108_12:47:43 21.2
20201108_13:05:09 21.7
20201108_13:22:26 21.5
20201108_13:39:42 20.4
20201108_13:56:51 21.9
20201108_14:14:06 21.6
20201108_14:31:18 21.3
20201108_14:48:34 21.4
20201108_14:56:47 21.4
20201108_15:05:51 21.8
20201108_15:23:06 21.7
20201108_15:40:17 21.6
20201108_15:57:41 21.3
20201108_16:06:41 20.6
20201108_16:23:56 22.3
20201108_16:41:19 21.5
20201108_16:58:57 21.8
20201108_17:16:22 21.0
20201108_17:33:44 22.3
20201108_17:51:12 21.3
20201108_18:08:32 21.1
20201108_18:25:55 21.5
20201108_18:43:04 21.3
20201108_19:00:07 20.8
20201108_19:16:59 21.0
20201108_19:34:03 21.3
20201108_19:51:05 20.4